<?xml version="1.0" encoding="UTF-8"?>
<testsuite name="servicos.LocacaoServiceTest" time="11.925" tests="20" errors="0" skipped="0" failures="0">
  <properties>
    <property name="java.runtime.name" value="Java(TM) SE Runtime Environment"/>
    <property name="java.vm.version" value="15.0.2+7-27"/>
    <property name="sun.boot.library.path" value="C:\Program Files\Java\jdk-15.0.2\bin"/>
    <property name="maven.multiModuleProjectDirectory" value="C:/Users/Princípe Mestiço/Desktop/Curso Java/TestesUnitarios"/>
    <property name="java.vm.vendor" value="Oracle Corporation"/>
    <property name="java.vendor.url" value="https://java.oracle.com/"/>
    <property name="guice.disable.misplaced.annotation.check" value="true"/>
    <property name="path.separator" value=";"/>
    <property name="java.vm.name" value="Java HotSpot(TM) 64-Bit Server VM"/>
    <property name="sun.os.patch.level" value=""/>
    <property name="user.script" value=""/>
    <property name="user.country" value="BR"/>
    <property name="sun.java.launcher" value="SUN_STANDARD"/>
    <property name="java.vm.specification.name" value="Java Virtual Machine Specification"/>
    <property name="user.dir" value="C:\Users\Princípe Mestiço\Desktop\Curso Java\TestesUnitarios"/>
    <property name="java.vm.compressedOopsMode" value="32-bit"/>
    <property name="java.runtime.version" value="15.0.2+7-27"/>
    <property name="os.arch" value="amd64"/>
    <property name="java.io.tmpdir" value="C:\Users\PRINCP~2\AppData\Local\Temp\"/>
    <property name="line.separator" value="&#10;"/>
    <property name="java.vm.specification.vendor" value="Oracle Corporation"/>
    <property name="user.variant" value=""/>
    <property name="os.name" value="Windows 10"/>
    <property name="classworlds.conf" value="C:/Users/Princípe Mestiço/Desktop/Curso Java/apache-maven-3.8.2/bin/m2.conf"/>
    <property name="sun.jnu.encoding" value="Cp1252"/>
    <property name="java.library.path" value="C:\Program Files\Java\jdk-15.0.2\bin;C:\WINDOWS\Sun\Java\bin;C:\WINDOWS\system32;C:\WINDOWS;C:\Users\Princípe Mestiço\bin;C:\Program Files\Git\mingw64\bin;C:\Program Files\Git\usr\local\bin;C:\Program Files\Git\usr\bin;C:\Program Files\Git\usr\bin;C:\Program Files\Git\mingw64\bin;C:\Program Files\Git\usr\bin;C:\Users\Princípe Mestiço\bin;C:\Python39\Scripts;C:\Python39;C:\Program Files\Common Files\Oracle\Java\javapath;C:\Program Files (x86)\Common Files\Oracle\Java\javapath;C:\Program Files (x86)\Common Files\Intel\Shared Files\cpp\bin\Intel64;C:\ProgramData\Oracle\Java\javapath;C:\Program Files (x86)\NVIDIA Corporation\PhysX\Common;C:\Program Files (x86)\Lenovo\FusionEngine;C:\WINDOWS\system32;C:\WINDOWS;C:\WINDOWS\System32\Wbem;C:\WINDOWS\System32\WindowsPowerShell\v1.0;C:\Program Files (x86)\Common Files\lenovo\easyplussdk\bin;C:\Program Files\MATLAB\R2017a\runtime\win64;C:\Program Files\MATLAB\R2017a\bin;C:\WINDOWS\System32\OpenSSH;C:\Program Files\Java\jdk-15.0.2\bin;C:\Program Files\MongoDB\Server\4.4\bin;C:\Program Files\nodejs;C:\ProgramData\chocolatey\bin;C:\Program Files\Git\cmd;C:\Program Files\MySQL\MySQL Shell 8.0\bin;C:\Users\Princípe Mestiço\AppData\Local\Microsoft\WindowsApps;C:\Program Files\heroku\bin;C:\Users\Princípe Mestiço\AppData\Roaming\npm;C:\Users\Princípe Mestiço\AppData\Local\Programs\Microsoft VS Code\bin;C:\Users\Princípe Mestiço\Desktop\Curso Java\apache-maven-3.8.2\bin;C:\Program Files\Java\jdk-15.0.2\bin;C:\Program Files\Git\usr\bin\vendor_perl;C:\Program Files\Git\usr\bin\core_perl;."/>
    <property name="maven.conf" value="C:/Users/Princípe Mestiço/Desktop/Curso Java/apache-maven-3.8.2/conf"/>
    <property name="jdk.debug" value="release"/>
    <property name="java.class.version" value="59.0"/>
    <property name="java.specification.name" value="Java Platform API Specification"/>
    <property name="sun.management.compiler" value="HotSpot 64-Bit Tiered Compilers"/>
    <property name="os.version" value="10.0"/>
    <property name="user.home" value="C:\Users\Princípe Mestiço"/>
    <property name="user.timezone" value="America/Sao_Paulo"/>
    <property name="file.encoding" value="Cp1252"/>
    <property name="java.specification.version" value="15"/>
    <property name="user.name" value="Princípe Mestiço"/>
    <property name="java.class.path" value="C:/Users/Princípe Mestiço/Desktop/Curso Java/apache-maven-3.8.2/boot/plexus-classworlds-2.6.0.jar"/>
    <property name="java.vm.specification.version" value="15"/>
    <property name="sun.arch.data.model" value="64"/>
    <property name="sun.java.command" value="org.codehaus.plexus.classworlds.launcher.Launcher test"/>
    <property name="java.home" value="C:\Program Files\Java\jdk-15.0.2"/>
    <property name="user.language" value="pt"/>
    <property name="java.specification.vendor" value="Oracle Corporation"/>
    <property name="java.vm.info" value="mixed mode, sharing"/>
    <property name="java.version" value="15.0.2"/>
    <property name="java.vendor" value="Oracle Corporation"/>
    <property name="maven.home" value="C:\Users\Princípe Mestiço\Desktop\Curso Java\apache-maven-3.8.2"/>
    <property name="file.separator" value="\"/>
    <property name="java.version.date" value="2021-01-19"/>
    <property name="java.vendor.url.bug" value="https://bugreport.java.com/bugreport/"/>
    <property name="sun.io.unicode.encoding" value="UnicodeLittle"/>
    <property name="sun.cpu.endian" value="little"/>
    <property name="sun.cpu.isalist" value="amd64"/>
  </properties>
  <testcase name="naoDeveAlugarFilmeSemFilme" classname="servicos.LocacaoServiceTest" time="1.177"/>
  <testcase name="naoDeveAlugarFilmeSemFilme" classname="servicos.LocacaoServiceTest" time="0.958"/>
  <testcase name="naoDeveAlugarFilmeSemEstoque" classname="servicos.LocacaoServiceTest" time="1.176"/>
  <testcase name="naoDeveAlugarFilmeSemEstoque" classname="servicos.LocacaoServiceTest" time="0.962"/>
  <testcase name="deveProrrogarUmaLocacao" classname="servicos.LocacaoServiceTest" time="1.224"/>
  <testcase name="deveProrrogarUmaLocacao" classname="servicos.LocacaoServiceTest" time="1.038"/>
  <testcase name="deveTratarErronoSPC" classname="servicos.LocacaoServiceTest" time="1.166"/>
  <testcase name="deveTratarErronoSPC" classname="servicos.LocacaoServiceTest" time="0.975"/>
  <testcase name="deveEnviarEmailParaLocacoesAtrasadas" classname="servicos.LocacaoServiceTest" time="1.25"/>
  <testcase name="deveEnviarEmailParaLocacoesAtrasadas" classname="servicos.LocacaoServiceTest" time="1.065"/>
  <testcase name="naoDeveAlugarFilmeParaNegativadoSPC" classname="servicos.LocacaoServiceTest" time="1.201"/>
  <testcase name="naoDeveAlugarFilmeParaNegativadoSPC" classname="servicos.LocacaoServiceTest" time="1.017"/>
  <testcase name="deveDevolverNaSegundaAoAlugarNoSabado" classname="servicos.LocacaoServiceTest" time="1.22"/>
  <testcase name="deveDevolverNaSegundaAoAlugarNoSabado" classname="servicos.LocacaoServiceTest" time="1.008"/>
  <testcase name="naoDeveAlugarFilmeSemUsuario" classname="servicos.LocacaoServiceTest" time="1.156"/>
  <testcase name="naoDeveAlugarFilmeSemUsuario" classname="servicos.LocacaoServiceTest" time="0.948"/>
  <testcase name="deveCalcularValorLocacao" classname="servicos.LocacaoServiceTest" time="1.146"/>
  <testcase name="deveCalcularValorLocacao" classname="servicos.LocacaoServiceTest" time="0.914"/>
  <testcase name="deveAlugarFilme" classname="servicos.LocacaoServiceTest" time="1.209"/>
  <testcase name="deveAlugarFilme" classname="servicos.LocacaoServiceTest" time="1.06"/>
</testsuite>